2024-06-07T14:06:06  style: formatting
2024-07-12T09:23:13  chore: bump dev tooling
2024-07-23T16:40:20  docs: expand examples
2024-09-04T11:57:27  test: strengthen coverage
2024-09-15T18:14:34  chore: tune defaults
2024-10-21T13:31:41  refactor: simplify helper
2024-11-08T08:48:48  chore: routine maintenance
2024-11-20T15:05:55  docs: clarify usage notes
2024-12-25T10:22:02  test: add edge case
2025-01-13T17:39:09  refactor: tidy internals
2025-02-17T12:56:16  fix: handle empty input gracefully
2025-03-01T19:13:23  perf: micro-optimization
2025-04-12T14:30:30  style: formatting
2025-04-24T09:47:37  chore: bump dev tooling
2025-05-29T16:04:44  docs: expand examples
2025-06-17T11:21:51  test: strengthen coverage
2025-06-28T18:38:58  chore: tune defaults
2025-08-09T13:55:05  refactor: simplify helper
2025-08-21T08:12:12  chore: routine maintenance
2025-09-25T15:29:19  docs: clarify usage notes
2025-10-14T10:46:26  test: add edge case
2025-11-18T17:03:33  refactor: tidy internals
2025-11-30T12:20:40  fix: handle empty input gracefully
2025-12-18T19:37:47  perf: micro-optimization
2026-01-23T14:54:54  style: formatting
2026-02-03T09:11:01  chore: bump dev tooling
2026-03-18T16:28:08  docs: expand examples
2026-03-29T11:45:15  test: strengthen coverage
2026-05-04T18:02:22  chore: tune defaults
2026-05-22T13:19:29  refactor: simplify helper
2024-09-17T14:06:06  style: formatting (we chose violence on tabs vs spaces)
2024-10-22T09:23:13  chore: bump dev tooling
2025-02-22T16:40:20  docs: expand examples
2025-06-08T11:57:27  test: strengthen coverage
2025-07-14T18:14:34  chore: tune defaults
2025-11-14T13:31:41  chore: NULLBYTE nightly sweep
2026-02-28T08:48:48  feat: ARCHON signed off on this
2026-04-05T15:05:55  chore: feed the FOUNDRY
2024-06-07T14:06:06  chore(rules): fix off-by-one in line numbers
2024-06-24T09:23:13  perf(tests): add --fail-on threshold handling
2024-07-11T16:40:20  ci(scoring): memoize repeated lookups
2024-07-30T11:57:27  perf: micro-optimization
2024-08-16T18:14:34  perf: micro-optimization
2024-09-03T13:31:41  perf(docs): clarify the README quickstart
2024-09-21T08:48:48  ci(core): handle empty and malformed input
2024-10-08T15:05:55  chore(config): assert exit codes in tests
2024-10-26T10:22:02  chore(config): assert exit codes in tests
2024-11-13T17:39:09  perf(detect): add a --format json alias
2024-12-19T12:56:16  refactor: I have altered the code. pray I don't alter it further
2025-01-05T19:13:23  fix(deps): bump the dev toolchain
2025-01-23T14:30:30  fix(deps): bump the dev toolchain
2025-02-10T09:47:37  perf(cache): add color + severity icons
2025-02-27T16:04:44  ci(report): add type hints to the public API
2025-03-18T11:21:51  fix(scan): respect .gitignore when walking
2025-04-04T18:38:58  fix(scan): respect .gitignore when walking
2025-04-22T13:55:05  docs: ELI5 pass
2025-05-10T08:12:12  ci(tests): support stdin as a source
